DGV7.0-NON-SAAS/PayHub-Guest-Android/app/build/outputs/mapping/release/seeds.txt
com.payhub.guest.data.model.GuestOrderStatusResponse
com.payhub.guest.data.model.SiteInfoResponse
com.payhub.guest.api.GuestApiService
com.payhub.guest.GuestApplication
com.payhub.guest.api.RetrofitClient
com.payhub.guest.data.model.SiteInfoData
com.payhub.guest.data.model.BettingProvider
com.payhub.guest.data.model.NetworkDetectResponse
com.payhub.guest.data.model.ElectricProviderInfo
com.payhub.guest.data.GuestHistoryStore$listType$1
com.payhub.guest.data.model.NetworkDetectEntry
com.payhub.guest.util.CrashActivity
com.payhub.guest.data.model.BettingCatalogResponse
com.payhub.guest.data.model.ExamCatalogResponse
com.payhub.guest.MainActivity
com.payhub.guest.data.model.CheckoutInitResponse
com.payhub.guest.data.model.CablePlan
com.payhub.guest.api.RetrofitClient$buildRetrofit$$inlined$-addInterceptor$1
com.payhub.guest.data.model.AirtimeNetworkInfo
com.payhub.guest.data.model.GuestSupportInfo
com.payhub.guest.data.model.VerifyCustomerResponse
com.payhub.guest.data.model.ApiFailure
com.payhub.guest.data.model.GuestReceipt
com.payhub.guest.data.model.ElectricCatalogResponse
com.payhub.guest.data.model.ExamPlan
com.payhub.guest.data.model.CableCatalogResponse
com.payhub.guest.data.model.AirtimeCatalogResponse
com.payhub.guest.api.GuestApiService$DefaultImpls
com.payhub.guest.data.model.DataCatalogResponse
com.payhub.guest.api.RetrofitClient$buildRetrofit$$inlined$-addInterceptor$2
com.payhub.guest.data.model.DataPlan
com.payhub.guest.data.model.ApiFailure: java.lang.String status
com.payhub.guest.data.model.ExamPlan: java.lang.String examType
com.payhub.guest.data.model.NetworkDetectResponse: java.lang.String status
com.payhub.guest.api.RetrofitClient: retrofit2.Retrofit retrofit
com.payhub.guest.api.RetrofitClient: int $stable
com.payhub.guest.data.model.ExamCatalogResponse: java.util.Map examPin
com.payhub.guest.data.model.CheckoutInitResponse: java.lang.String reference
com.payhub.guest.data.model.BettingProvider: int $stable
com.payhub.guest.data.model.BettingProvider: java.lang.String providerCode
com.payhub.guest.data.model.SiteInfoData: int $stable
com.payhub.guest.data.model.CablePlan: int $stable
com.payhub.guest.data.model.AirtimeNetworkInfo: java.lang.String discountPercent
com.payhub.guest.data.model.GuestReceipt: java.lang.String service
com.payhub.guest.data.model.GuestReceipt: java.lang.String status
com.payhub.guest.data.model.GuestSupportInfo: java.lang.String phone
com.payhub.guest.data.model.GuestReceipt: int $stable
com.payhub.guest.data.model.BettingCatalogResponse: java.util.List bettingProviders
com.payhub.guest.data.model.ExamPlan: java.lang.String amount
com.payhub.guest.data.model.VerifyCustomerResponse: java.lang.String customerAddress
com.payhub.guest.data.model.DataCatalogResponse: java.lang.String desc
com.payhub.guest.data.model.SiteInfoData: com.payhub.guest.data.model.GuestSupportInfo support
com.payhub.guest.data.model.GuestReceipt: double amountPaid
com.payhub.guest.data.model.ElectricCatalogResponse: java.lang.String desc
com.payhub.guest.data.model.NetworkDetectEntry: java.lang.String network
com.payhub.guest.data.model.GuestSupportInfo: java.lang.String address
com.payhub.guest.data.model.GuestSupportInfo: java.lang.String email
com.payhub.guest.data.model.GuestReceipt: java.lang.String meterNumber
com.payhub.guest.data.model.SiteInfoData: java.lang.String siteTitle
com.payhub.guest.data.model.GuestReceipt: long dateMillis
com.payhub.guest.data.model.GuestReceipt: java.lang.String reference
com.payhub.guest.data.model.VerifyCustomerResponse: java.lang.String desc
com.payhub.guest.data.model.ExamPlan: java.lang.String id
com.payhub.guest.data.model.ElectricProviderInfo: java.lang.String providerCode
com.payhub.guest.data.model.AirtimeCatalogResponse: java.util.Map airtimeVtu
com.payhub.guest.data.model.CheckoutInitResponse: java.lang.String status
com.payhub.guest.data.model.CheckoutInitResponse: java.lang.String desc
com.payhub.guest.data.model.NetworkDetectEntry: int $stable
...
androidx.compose.material3.tokens.TypographyKeyTokens: androidx.compose.material3.tokens.TypographyKeyTokens valueOf(java.lang.String)
androidx.compose.ui.unit.LayoutDirection: androidx.compose.ui.unit.LayoutDirection valueOf(java.lang.String)
androidx.core.view.accessibility.AccessibilityNodeInfoCompat$Api33Impl: androidx.core.view.accessibility.AccessibilityNodeInfoCompat$CollectionItemInfoCompat buildCollectionItemInfoCompat(boolean,int,int,int,int,boolean,java.lang.String,java.lang.String)
androidx.compose.ui.platform.TextToolbarStatus: androidx.compose.ui.platform.TextToolbarStatus valueOf(java.lang.String)
androidx.compose.ui.platform.ViewLayerVerificationHelper28: void setOutlineAmbientShadowColor(android.view.View,int)
kotlinx.coroutines.scheduling.CoroutineScheduler$WorkerState: kotlinx.coroutines.scheduling.CoroutineScheduler$WorkerState valueOf(java.lang.String)
androidx.compose.ui.platform.AndroidComposeView: androidx.compose.ui.platform.AndroidViewsHandler getAndroidViewsHandler$ui_release()
androidx.compose.ui.platform.ViewLayer: androidx.compose.ui.platform.AndroidComposeView getOwnerView()
androidx.core.text.ICUCompat$Api24Impl: java.lang.String getScript(java.lang.Object)
androidx.compose.ui.platform.CalculateMatrixToWindowApi29: void calculateMatrixToWindow-EL8BTi8(android.view.View,float[])
androidx.core.view.AccessibilityDelegateCompat$Api16Impl: boolean performAccessibilityAction(android.view.View$AccessibilityDelegate,android.view.View,int,android.os.Bundle)
androidx.lifecycle.ProcessLifecycleOwner$attach$1: void onActivityPreCreated(android.app.Activity,android.os.Bundle)
androidx.compose.ui.platform.AndroidComposeView: androidx.compose.ui.semantics.SemanticsOwner getSemanticsOwner()
androidx.compose.ui.viewinterop.AndroidViewHolder: androidx.compose.ui.Modifier getModifier()
androidx.core.view.ViewCompat$Api28Impl: boolean isScreenReaderFocusable(android.view.View)
com.google.gson.stream.JsonReader: java.lang.String nextQuotedValue(char)
androidx.emoji2.text.EmojiCompatInitializer: EmojiCompatInitializer()
androidx.core.graphics.drawable.IconCompat$Api30Impl: android.graphics.drawable.Icon createWithAdaptiveBitmapContentUri(android.net.Uri)
com.google.gson.stream.JsonWriter: com.google.gson.stream.JsonWriter value(double)
androidx.compose.ui.text.android.BoringLayoutFactory33: android.text.BoringLayout create(java.lang.CharSequence,android.text.TextPaint,int,android.text.Layout$Alignment,float,float,android.text.BoringLayout$Metrics,boolean,boolean,android.text.TextUtils$TruncateAt,int)
androidx.compose.ui.platform.ViewLayer: androidx.compose.ui.platform.DrawChildContainer getContainer()
retrofit2.Response: java.lang.String toString()
androidx.compose.ui.platform.AbstractComposeView: void setTransitionGroup(boolean)
androidx.compose.ui.window.PopupLayout: kotlin.jvm.functions.Function2 getContent()
com.google.gson.stream.JsonWriter: com.google.gson.stream.JsonWriter name(java.lang.String)
retrofit2.Response: java.lang.Object body()
androidx.compose.ui.platform.ViewLayer: long getOwnerViewId()
androidx.lifecycle.ReportFragment$LifecycleCallbacks: void onActivityStarted(android.app.Activity)
androidx.compose.foundation.layout.Direction: androidx.compose.foundation.layout.Direction valueOf(java.lang.String)
com.google.gson.stream.MalformedJsonException: MalformedJsonException(java.lang.String,java.lang.Throwable)
androidx.compose.ui.platform.coreshims.ContentCaptureSessionCompat$Api29Impl: android.view.ViewStructure newViewStructure(android.view.contentcapture.ContentCaptureSession,android.view.View)
com.google.gson.stream.JsonWriter: void push(int)
okhttp3.Protocol: okhttp3.Protocol valueOf(java.lang.String)
androidx.core.view.ViewCompat$Api28Impl: void addOnUnhandledKeyEventListener(android.view.View,androidx.core.view.ViewCompat$OnUnhandledKeyEventListenerCompat)
kotlinx.coroutines.flow.SharingCommand: kotlinx.coroutines.flow.SharingCommand valueOf(java.lang.String)