DGV7.0-NON-SAAS/PayHub-Guest-Android/app/build/outputs/mapping/release/usage.txt
com.payhub.guest.BuildConfig
com.payhub.guest.GuestApplication:
    public static final int $stable
com.payhub.guest.R$drawable
com.payhub.guest.R$string
com.payhub.guest.R$style
com.payhub.guest.R$xml
com.payhub.guest.R
com.payhub.guest.data.GuestHistoryStore:
    private static final java.lang.String KEY_RECEIPTS
    private static final int MAX_ENTRIES
    private static final java.lang.String PREFS_NAME
com.payhub.guest.data.GuestServiceEntry:
    public static final int $stable
    public final java.lang.String component1()
    public final java.lang.String component2()
    public final java.lang.String component3()
    public final java.lang.String component4()
    public final java.lang.String component5()
    public final androidx.compose.ui.graphics.vector.ImageVector component6()
    public final long component7-0d7_KjU()
    public final long component8-0d7_KjU()
    public final com.payhub.guest.data.GuestServiceEntry copy-56GKwuk(java.lang.String,java.lang.String,java.lang.String,java.lang.String,java.lang.String,androidx.compose.ui.graphics.vector.ImageVector,long,long)
    public static synthetic com.payhub.guest.data.GuestServiceEntry copy-56GKwuk$default(com.payhub.guest.data.GuestServiceEntry,java.lang.String,java.lang.String,java.lang.String,java.lang.String,java.lang.String,androidx.compose.ui.graphics.vector.ImageVector,long,long,int,java.lang.Object)
com.payhub.guest.data.repository.ApiResult$Error:
    public static final int $stable
    public final java.lang.String component1()
    public final com.payhub.guest.data.repository.ApiResult$Error copy(java.lang.String)
    public static synthetic com.payhub.guest.data.repository.ApiResult$Error copy$default(com.payhub.guest.data.repository.ApiResult$Error,java.lang.String,int,java.lang.Object)
com.payhub.guest.data.repository.ApiResult$Success:
    public static final int $stable
    public final java.lang.Object component1()
    public final com.payhub.guest.data.repository.ApiResult$Success copy(java.lang.Object)
    public static synthetic com.payhub.guest.data.repository.ApiResult$Success copy$default(com.payhub.guest.data.repository.ApiResult$Success,java.lang.Object,int,java.lang.Object)
com.payhub.guest.data.repository.ApiResult:
    public static final int $stable
com.payhub.guest.navigation.Routes:
    public static final java.lang.String CHECKOUT
    public static final java.lang.String HISTORY
    public static final java.lang.String HOME
    public static final java.lang.String PURCHASE
    public static final java.lang.String RECEIPT
    public static final java.lang.String SERVICES
    public static final java.lang.String SPLASH
    public static final java.lang.String SUPPORT
com.payhub.guest.ui.GuestViewModel$AirtimeNetwork:
    public static final int $stable
    public final java.lang.String component1()
    public final java.lang.String component2()
    public final java.lang.String component3()
    public final com.payhub.guest.ui.GuestViewModel$AirtimeNetwork copy(java.lang.String,java.lang.String,java.lang.String)
    public static synthetic com.payhub.guest.ui.GuestViewModel$AirtimeNetwork copy$default(com.payhub.guest.ui.GuestViewModel$AirtimeNetwork,java.lang.String,java.lang.String,java.lang.String,int,java.lang.Object)
    public final java.lang.String getDiscountPercent()
    public final java.lang.String getLabel()
com.payhub.guest.ui.GuestViewModel$CheckoutState$Failed:
    public static final int $stable
    public final java.lang.String component1()
    public final com.payhub.guest.ui.GuestViewModel$CheckoutState$Failed copy(java.lang.String)
    public static synthetic com.payhub.guest.ui.GuestViewModel$CheckoutState$Failed copy$default(com.payhub.guest.ui.GuestViewModel$CheckoutState$Failed,java.lang.String,int,java.lang.Object)
com.payhub.guest.ui.GuestViewModel$CheckoutState$Idle:
    public static final int $stable
com.payhub.guest.ui.GuestViewModel$CheckoutState$Loading:
    public static final int $stable
...
androidx.compose.material.icons.rounded.BugReportKt
androidx.compose.material.icons.rounded.BuildCircleKt
androidx.compose.material.icons.rounded.BuildKt
androidx.compose.material.icons.rounded.BungalowKt
androidx.compose.material.icons.rounded.BurstModeKt
androidx.compose.material.icons.rounded.BusAlertKt
androidx.compose.material.icons.rounded.BusinessCenterKt
androidx.compose.material.icons.rounded.BusinessKt
androidx.compose.material.icons.rounded.CabinKt
androidx.compose.material.icons.rounded.CableKt
androidx.compose.material.icons.rounded.CachedKt
androidx.compose.material.icons.rounded.CakeKt
androidx.compose.material.icons.rounded.CalculateKt
androidx.compose.material.icons.rounded.CalendarMonthKt
androidx.compose.material.icons.rounded.CalendarTodayKt
androidx.compose.material.icons.rounded.CalendarViewDayKt
androidx.compose.material.icons.rounded.CalendarViewMonthKt
androidx.compose.material.icons.rounded.CalendarViewWeekKt
androidx.compose.material.icons.rounded.CallEndKt
androidx.compose.material.icons.rounded.CallKt
androidx.compose.material.icons.rounded.CallMadeKt
androidx.compose.material.icons.rounded.CallMergeKt
androidx.compose.material.icons.rounded.CallMissedKt
androidx.compose.material.icons.rounded.CallMissedOutgoingKt
androidx.compose.material.icons.rounded.CallReceivedKt
androidx.compose.material.icons.rounded.CallSplitKt
androidx.compose.material.icons.rounded.CallToActionKt
androidx.compose.material.icons.rounded.CameraAltKt
androidx.compose.material.icons.rounded.CameraEnhanceKt
androidx.compose.material.icons.rounded.CameraFrontKt
androidx.compose.material.icons.rounded.CameraIndoorKt
androidx.compose.material.icons.rounded.CameraKt
androidx.compose.material.icons.rounded.CameraOutdoorKt
androidx.compose.material.icons.rounded.CameraRearKt
androidx.compose.material.icons.rounded.CameraRollKt
androidx.compose.material.icons.rounded.CameraswitchKt
androidx.compose.material.icons.rounded.CampaignKt
androidx.compose.material.icons.rounded.CancelKt
androidx.compose.material.icons.rounded.CancelPresentationKt
androidx.compose.material.icons.rounded.CancelScheduleSendKt
androidx.compose.material.icons.rounded.CandlestickChartKt
androidx.compose.material.icons.rounded.CarCrashKt
androidx.compose.material.icons.rounded.CarRentalKt
androidx.compose.material.icons.rounded.CarRepairKt
androidx.compose.material.icons.rounded.CardGiftcardKt
androidx.compose.material.icons.rounded.CardMembershipKt
androidx.compose.material.icons.rounded.CardTravelKt
androidx.compose.material.icons.rounded.CarpenterKt
androidx.compose.material.icons.rounded.CasesKt
androidx.compose.material.icons.rounded.CasinoKt
androidx.compose.material.icons.rounded.CastConnectedKt
androidx.compose.material.icons.rounded.CastForEducationKt
androidx.compose.material.icons.rounded.CastKt
androidx.compose.material.icons.rounded.CastleKt
androidx.compose.material.icons.rounded.CatchingPokemonKt
androidx.compose.material.icons.rounded.CategoryKt
androidx.compose.material.icons.rounded.CelebrationKt
androidx.compose.material.icons.rounded.CellTowerKt
androidx.compose.material.icons.rounded.CellWifiKt
androidx.compose.material.icons.rounded.CenterFocusStrongKt
androidx.compose.material.icons.rounded.CenterFocusWeakKt
androidx.compose.material.icons.rounded.ChairAltKt
androidx.compose.material.icons.rounded.ChairKt
androidx.compose.material.icons.rounded.ChaletKt
androidx.compose.material.icons.rounded.ChangeCircleKt
androidx.compose.material.icons.rounded.ChangeHistoryKt
androidx.compose.material.icons.rounded.ChargingStationKt
androidx.compose.material.icons.rounded.ChatBubbleKt
androidx.compose.material.icons.rounded.ChatBubbleOutlineKt
androidx.compose.material.icons.rounded.ChatKt
androidx.compose.material.icons.rounded.CheckBoxKt
androidx.compose.material.icons.rounded.CheckBoxOutlineBlankKt
androidx.compose.material.icons.rounded.CheckCircleKt
androidx.compose.material.icons.rounded.CheckCircleOutlineKt